c:\users\brandon\source\repos\cs 409 assignment1\debug\vc142.pdb
c:\users\brandon\source\repos\cs 409 assignment1\debug\vc142.idb
c:\users\brandon\source\repos\cs 409 assignment1\debug\spaceship.obj
c:\users\brandon\source\repos\cs 409 assignment1\debug\sleep.obj
c:\users\brandon\source\repos\cs 409 assignment1\debug\perlinnoisefield.obj
c:\users\brandon\source\repos\cs 409 assignment1\debug\vector3.obj
c:\users\brandon\source\repos\cs 409 assignment1\debug\vector2.obj
c:\users\brandon\source\repos\cs 409 assignment1\debug\texturemanager.obj
c:\users\brandon\source\repos\cs 409 assignment1\debug\texturebmp.obj
c:\users\brandon\source\repos\cs 409 assignment1\debug\texture.obj
c:\users\brandon\source\repos\cs 409 assignment1\debug\spritefont.obj
c:\users\brandon\source\repos\cs 409 assignment1\debug\objstringparsing.obj
c:\users\brandon\source\repos\cs 409 assignment1\debug\objmodel.obj
c:\users\brandon\source\repos\cs 409 assignment1\debug\mtllibrarymanager.obj
c:\users\brandon\source\repos\cs 409 assignment1\debug\mtllibrary.obj
c:\users\brandon\source\repos\cs 409 assignment1\debug\material.obj
c:\users\brandon\source\repos\cs 409 assignment1\debug\displaylist.obj
c:\users\brandon\source\repos\cs 409 assignment1\debug\main4.obj
c:\users\brandon\source\repos\cs 409 assignment1\debug\entity.obj
c:\users\brandon\source\repos\cs 409 assignment1\debug\crystal.obj
c:\users\brandon\source\repos\cs 409 assignment1\debug\coordinatesystem.obj
c:\users\brandon\source\repos\cs 409 assignment1\debug\asteroid.obj
c:\users\brandon\source\repos\cs 409 assignment1\debug\drone.obj
c:\users\brandon\source\repos\cs 409 assignment1\debug\main4.obj.enc
c:\users\brandon\source\repos\cs 409 assignment1\debug\cs 409 assignment1.ilk
c:\users\brandon\source\repos\cs 409 assignment1\debug\cs 409 assignment1.exe
c:\users\brandon\source\repos\cs 409 assignment1\debug\cs 409 a.2e40e15f.tlog\cl.command.1.tlog
c:\users\brandon\source\repos\cs 409 assignment1\debug\cs 409 a.2e40e15f.tlog\cl.read.1.tlog
c:\users\brandon\source\repos\cs 409 assignment1\debug\cs 409 a.2e40e15f.tlog\cl.write.1.tlog
c:\users\brandon\source\repos\cs 409 assignment1\debug\cs 409 a.2e40e15f.tlog\link.command.1.tlog
c:\users\brandon\source\repos\cs 409 assignment1\debug\cs 409 a.2e40e15f.tlog\link.read.1.tlog
c:\users\brandon\source\repos\cs 409 assignment1\debug\cs 409 a.2e40e15f.tlog\link.write.1.tlog
